<?xml version="1.0" encoding="UTF-8"?><testsuite errors="1" failures="0" name="fpt.selenium.screenplay.features.search.LaunchSeleniumEasy" skipped="0" tests="1" time="8.33" timestamp="2020-03-25 01:24:45"><testcase classname="fpt.selenium.screenplay.features.search.LaunchSeleniumEasy" name="Search results should show the search term in the title"><error message="The of() method is not supported for By-type Targets" type="java.lang.UnsupportedOperationException">The of() method is not supported for By-type Targets</error><system-err>The of() method is not supported for By-type Targets&#13;
fpt.selenium.screenplay.tasks.InputValueToSimpleFrom.performAs(InputValueToSimpleFrom.java:15)&#13;
fpt.selenium.screenplay.features.search.LaunchSeleniumEasy.search_results_should_show_the_search_term_in_the_title(LaunchSeleniumEasy.java:41)&#13;
</system-err></testcase></testsuite>