<?xml version="1.0" encoding="UTF-8"?><testsuite errors="1" failures="0" name="fpt.selenium.screenplay.features.search.SearchByKeywordStory" skipped="0" tests="1" time="1.22" timestamp="2020-03-24 02:12:19"><testcase classname="fpt.selenium.screenplay.features.search.SearchByKeywordStory" name="Search results should show the search term in the title"><error message="Could not instantiate class org.openqa.selenium.firefox.FirefoxDriver" type="net.thucydides.core.webdriver.DriverConfigurationError">Could not instantiate class org.openqa.selenium.firefox.FirefoxDriver</error><system-err>Could not instantiate class org.openqa.selenium.firefox.FirefoxDriver&#13;
fpt.selenium.screenplay.tasks.OpenTheApplication.performAs(OpenTheApplication.java:15)&#13;
fpt.selenium.screenplay.features.search.SearchByKeywordStory.search_results_should_show_the_search_term_in_the_title(SearchByKeywordStory.java:41)&#13;
</system-err></testcase></testsuite>